d:\clrium\clrium\clrprofiler\debug\clrprofiler.pch
d:\clrium\clrium\clrprofiler\debug\vc140.pdb
d:\clrium\clrium\clrprofiler\debug\vc140.idb
d:\clrium\clrium\clrprofiler\debug\stdafx.obj
d:\clrium\clrium\clrprofiler\debug\clrprofiler.obj
d:\clrium\clrium\clrprofiler\debug\function.obj
d:\clrium\clrium\clrprofiler\debug\logger.obj
d:\clrium\clrium\clrprofiler\debug\profilercallback.obj
d:\clrium\clrium\clrprofiler\debug\profilercallbackimpl.obj
d:\clrium\clrium\clrprofiler\debug\clrprofiler_i.obj
d:\clrium\clrium\clrprofiler\debug\dllmain.obj
d:\clrium\clrium\debug\clrprofiler.lib
d:\clrium\clrium\debug\clrprofiler.exp
d:\clrium\clrium\debug\clrprofiler.ilk
d:\clrium\clrium\debug\clrprofiler.dll
d:\clrium\clrium\debug\clrprofiler.pdb
d:\clrium\clrium\clrprofiler\debug\clrprofiler.tlb
d:\clrium\clrium\clrprofiler\clrprofiler_i.c
d:\clrium\clrium\clrprofiler\clrprofiler_i.h
d:\clrium\clrium\clrprofiler\debug\clrprofiler.res
d:\clrium\clrium\clrprofiler\debug\clrprofiler.tlog\cl.command.1.tlog
d:\clrium\clrium\clrprofiler\debug\clrprofiler.tlog\cl.read.1.tlog
d:\clrium\clrium\clrprofiler\debug\clrprofiler.tlog\cl.write.1.tlog
d:\clrium\clrium\clrprofiler\debug\clrprofiler.tlog\clrprofiler.write.1u.tlog
d:\clrium\clrium\clrprofiler\debug\clrprofiler.tlog\link.command.1.tlog
d:\clrium\clrium\clrprofiler\debug\clrprofiler.tlog\link.read.1.tlog
d:\clrium\clrium\clrprofiler\debug\clrprofiler.tlog\link.write.1.tlog
d:\clrium\clrium\clrprofiler\debug\clrprofiler.tlog\midl.command.1.tlog
d:\clrium\clrium\clrprofiler\debug\clrprofiler.tlog\midl.read.1.tlog
d:\clrium\clrium\clrprofiler\debug\clrprofiler.tlog\midl.write.1.tlog
d:\clrium\clrium\clrprofiler\debug\clrprofiler.tlog\rc.command.1.tlog
d:\clrium\clrium\clrprofiler\debug\clrprofiler.tlog\rc.read.1.tlog
d:\clrium\clrium\clrprofiler\debug\clrprofiler.tlog\rc.write.1.tlog
