Build started 4/4/2015 10:12:10 AM.
     1>Project "D:\CLRium\CLRium\CLRProfiler\CLRProfiler.vcxproj" on node 2 (Build target(s)).
     1>ClCompile:
         D:\VS2015\VC\bin\CL.exe /c /ZI /nologo /W3 /WX- /sdl /Od /Oy- /D WIN32 /D _WINDOWS /D _DEBUG /D _USRDLL /D _WINDLL /D _UNICODE /D UNICODE /Gm /EHsc /RTC1 /MDd /GS /fp:precise /Zc:wchar_t /Zc:forScope /Zc:inline /Yu"stdafx.h" /Fp"Debug\CLRProfiler.pch" /Fo"Debug\\" /Fd"Debug\vc140.pdb" /Gd /TP /analyze- /errorReport:prompt ProfilerCallback.cpp
         ProfilerCallback.cpp
     1>c:\program files (x86)\windows kits\8.1\include\um\corhdr.h(1849): warning C4091: 'typedef ': ignored on left of 'NGenHintEnum' when no variable is declared
     1>c:\program files (x86)\windows kits\8.1\include\um\corhdr.h(1858): warning C4091: 'typedef ': ignored on left of 'LoadHintEnum' when no variable is declared
     1>c:\program files (x86)\windows kits\8.1\include\um\corhdr.h(1907): warning C4091: 'typedef ': ignored on left of 'NativeTypeArrayFlags' when no variable is declared
     1>d:\clrium\clrium\clrprofiler\profilercallback.cpp(106): warning C4405: 'Enter': identifier is reserved word
     1>d:\clrium\clrium\clrprofiler\profilercallback.cpp(131): warning C4405: 'Leave': identifier is reserved word
       Link:
         D:\VS2015\VC\bin\link.exe /ERRORREPORT:PROMPT /OUT:"D:\CLRium\CLRium\Debug\CLRProfiler.dll" /INCREMENTAL /NOLOGO corguids.lib kernel32.lib user32.lib gdi32.lib winspool.lib comdlg32.lib advapi32.lib shell32.lib ole32.lib oleaut32.lib uuid.lib odbc32.lib odbccp32.lib /DEF:".\CLRProfiler.def" /MANIFEST /MANIFESTUAC:"level='asInvoker' uiAccess='false'" /manifest:embed /Debug /PDB:"D:\CLRium\CLRium\Debug\CLRProfiler.pdb" /SUBSYSTEM:WINDOWS /TLBID:1 /DYNAMICBASE /NXCOMPAT /MACHINE:X86 /DLL Debug\CLRProfiler.res
         Debug\CLRProfiler.obj
         Debug\CLRProfiler_i.obj
         Debug\dllmain.obj
         Debug\Function.obj
         Debug\Logger.obj
         Debug\ProfilerCallback.obj
         Debug\ProfilerCallbackImpl.obj
         Debug\stdafx.obj
         CLRProfiler.vcxproj -> D:\CLRium\CLRium\Debug\CLRProfiler.dll
       RegisterOutput:
         regsvr32 /s "D:\CLRium\CLRium\Debug\CLRProfiler.dll"
     1>Done Building Project "D:\CLRium\CLRium\CLRProfiler\CLRProfiler.vcxproj" (Build target(s)).

Build succeeded.

Time Elapsed 00:00:01.53
